[debug] [2020-10-02T06:32:05.372Z] ----------------------------------------------------------------------
[debug] [2020-10-02T06:32:05.374Z] Command:       /home/bharath/.nvm/versions/node/v12.13.0/bin/node /home/bharath/.nvm/versions/node/v12.13.0/bin/firebase deploy
[debug] [2020-10-02T06:32:05.374Z] CLI Version:   8.11.2
[debug] [2020-10-02T06:32:05.374Z] Platform:      linux
[debug] [2020-10-02T06:32:05.374Z] Node Version:  v12.13.0
[debug] [2020-10-02T06:32:05.374Z] Time:          Fri Oct 02 2020 12:02:05 GMT+0530 (India Standard Time)
[debug] [2020-10-02T06:32:05.374Z] ----------------------------------------------------------------------
[debug] [2020-10-02T06:32:05.374Z] 
[debug] [2020-10-02T06:32:05.379Z] > command requires scopes: ["email","openid","https://www.googleapis.com/auth/cloudplatformprojects.readonly","https://www.googleapis.com/auth/firebase","https://www.googleapis.com/auth/cloud-platform"]
[debug] [2020-10-02T06:32:05.379Z] > authorizing via signed-in user
[debug] [2020-10-02T06:32:05.380Z] [iam] checking project tik-tik-61a34 for permissions ["firebase.projects.get","firebasehosting.sites.update"]
[debug] [2020-10-02T06:32:05.382Z] >>> HTTP REQUEST POST https://cloudresourcemanager.googleapis.com/v1/projects/tik-tik-61a34:testIamPermissions  
 {"permissions":["firebase.projects.get","firebasehosting.sites.update"]}
[debug] [2020-10-02T06:32:16.819Z] <<< HTTP RESPONSE 200 {"content-type":"application/json; charset=UTF-8","vary":"X-Origin, Referer, Origin,Accept-Encoding","date":"Fri, 02 Oct 2020 06:32:16 GMT","server":"ESF","cache-control":"private","x-xss-protection":"0","x-frame-options":"SAMEORIGIN","x-content-type-options":"nosniff","server-timing":"gfet4t7; dur=1155","alt-svc":"h3-Q050=\":443\"; ma=2592000,h3-29=\":443\"; ma=2592000,h3-27=\":443\"; ma=2592000,h3-T051=\":443\"; ma=2592000,h3-T050=\":443\"; ma=2592000,h3-Q046=\":443\"; ma=2592000,h3-Q043=\":443\"; ma=2592000,quic=\":443\"; ma=2592000; v=\"46,43\"","accept-ranges":"none","transfer-encoding":"chunked"}
[debug] [2020-10-02T06:32:16.821Z] >>> HTTP REQUEST GET https://firebase.googleapis.com/v1beta1/projects/tik-tik-61a34  
 
[debug] [2020-10-02T06:32:19.662Z] <<< HTTP RESPONSE 200 {"content-type":"application/json; charset=UTF-8","vary":"X-Origin, Referer, Origin,Accept-Encoding","date":"Fri, 02 Oct 2020 06:32:19 GMT","server":"ESF","cache-control":"private","x-xss-protection":"0","x-frame-options":"SAMEORIGIN","x-content-type-options":"nosniff","alt-svc":"h3-Q050=\":443\"; ma=2592000,h3-29=\":443\"; ma=2592000,h3-27=\":443\"; ma=2592000,h3-T051=\":443\"; ma=2592000,h3-T050=\":443\"; ma=2592000,h3-Q046=\":443\"; ma=2592000,h3-Q043=\":443\"; ma=2592000,quic=\":443\"; ma=2592000; v=\"46,43\"","accept-ranges":"none","transfer-encoding":"chunked"}
[info] 
[info] === Deploying to 'tik-tik-61a34'...
[info] 
[info] i  deploying hosting 
[debug] [2020-10-02T06:32:19.668Z] >>> HTTP REQUEST POST https://firebasehosting.googleapis.com/v1beta1/sites/tik-tik-61a34/versions  
 {"config":{"rewrites":[{"glob":"**","path":"/index.html"}]},"labels":{"deployment-tool":"cli-firebase"}}
[debug] [2020-10-02T06:32:21.512Z] <<< HTTP RESPONSE 200 {"content-type":"application/json; charset=UTF-8","vary":"X-Origin, Referer, Origin,Accept-Encoding","date":"Fri, 02 Oct 2020 06:32:21 GMT","server":"ESF","cache-control":"private","x-xss-protection":"0","x-frame-options":"SAMEORIGIN","x-content-type-options":"nosniff","alt-svc":"h3-Q050=\":443\"; ma=2592000,h3-29=\":443\"; ma=2592000,h3-27=\":443\"; ma=2592000,h3-T051=\":443\"; ma=2592000,h3-T050=\":443\"; ma=2592000,h3-Q046=\":443\"; ma=2592000,h3-Q043=\":443\"; ma=2592000,quic=\":443\"; ma=2592000; v=\"46,43\"","accept-ranges":"none","transfer-encoding":"chunked"}
[info] i  hosting[tik-tik-61a34]: beginning deploy... 
[info] i  hosting[tik-tik-61a34]: found 18 files in build 
[debug] [2020-10-02T06:32:21.545Z] [hosting] hash cache [YnVpbGQ] not populated
[debug] [2020-10-02T06:32:21.700Z] [hosting] hash cache [YnVpbGQ] stored for 18 files
[debug] [2020-10-02T06:32:21.700Z] [hosting][hash queue][FINAL] {"max":143,"min":13,"avg":22.77777777777778,"active":0,"complete":18,"success":18,"errored":0,"retried":0,"total":18,"elapsed":154}
[debug] [2020-10-02T06:32:21.701Z] >>> HTTP REQUEST POST https://firebasehosting.googleapis.com/v1beta1/sites/tik-tik-61a34/versions/ac5dfa50a355e83a:populateFiles  
 <request body omitted>
[debug] [2020-10-02T06:32:22.310Z] <<< HTTP RESPONSE 200 {"content-type":"application/json; charset=UTF-8","vary":"X-Origin, Referer, Origin,Accept-Encoding","date":"Fri, 02 Oct 2020 06:32:22 GMT","server":"ESF","cache-control":"private","x-xss-protection":"0","x-frame-options":"SAMEORIGIN","x-content-type-options":"nosniff","alt-svc":"h3-Q050=\":443\"; ma=2592000,h3-29=\":443\"; ma=2592000,h3-27=\":443\"; ma=2592000,h3-T051=\":443\"; ma=2592000,h3-T050=\":443\"; ma=2592000,h3-Q046=\":443\"; ma=2592000,h3-Q043=\":443\"; ma=2592000,quic=\":443\"; ma=2592000; v=\"46,43\"","accept-ranges":"none","transfer-encoding":"chunked"}
[debug] [2020-10-02T06:32:22.325Z] [hosting][populate queue][FINAL] {"max":612,"min":612,"avg":612,"active":0,"complete":1,"success":1,"errored":0,"retried":0,"total":1,"elapsed":625}
[debug] [2020-10-02T06:32:22.325Z] [hosting] uploads queued: 18
[debug] [2020-10-02T06:32:26.862Z] [hosting][upload queue][FINAL] {"max":4551,"min":3003,"avg":3679.277777777778,"active":0,"complete":18,"success":18,"errored":0,"retried":0,"total":18,"elapsed":4552}
[info] ✔  hosting[tik-tik-61a34]: file upload complete 
[debug] [2020-10-02T06:32:26.866Z] [hosting] deploy completed after 5351ms
[debug] [2020-10-02T06:32:46.926Z] [
  {
    "config": {
      "public": "build",
      "ignore": [
        "firebase.json",
        "**/.*",
        "**/node_modules/**"
      ],
      "rewrites": [
        {
          "source": "**",
          "destination": "/index.html"
        }
      ],
      "site": "tik-tik-61a34"
    },
    "site": "tik-tik-61a34",
    "version": "sites/tik-tik-61a34/versions/ac5dfa50a355e83a"
  }
]
[info] i  hosting[tik-tik-61a34]: finalizing version... 
[debug] [2020-10-02T06:32:46.929Z] >>> HTTP REQUEST PATCH https://firebasehosting.googleapis.com/v1beta1/sites/tik-tik-61a34/versions/ac5dfa50a355e83a?updateMask=status  
 {"status":"FINALIZED"}
[debug] [2020-10-02T06:33:08.697Z] Error: getaddrinfo ENOTFOUND firebasehosting.googleapis.com
    at GetAddrInfoReqWrap.onlookup [as oncomplete] (dns.js:60:26)
[error] 
[error] Error: Server Error. getaddrinfo ENOTFOUND firebasehosting.googleapis.com
